Arguments: 
  /Users/mac/.nvm/versions/node/v18.10.0/bin/node /Users/mac/.nvm/versions/node/v18.10.0/bin/yarn add react-native-weather-icons

PATH: 
  /Users/mac/.rvm/gems/ruby-3.1.2/bin:/Users/mac/.rvm/gems/ruby-3.1.2@global/bin:/Users/mac/.rvm/rubies/ruby-3.1.2/bin:/Users/mac/.local/bin:/Users/mac/.nvm/versions/node/v18.10.0/bin:/usr/local/bin:/usr/bin:/bin:/usr/sbin:/sbin:/Library/Apple/usr/bin:/Users/mac/.rvm/bin

Yarn version: 
  1.22.19

Node version: 
  18.10.0

Platform: 
  darwin x64

Trace: 
  Error: https://registry.yarnpkg.com/react-native-weather-icons: Not found
      at params.callback [as _callback] (/Users/mac/.nvm/versions/node/v18.10.0/lib/node_modules/yarn/lib/cli.js:66145:18)
      at self.callback (/Users/mac/.nvm/versions/node/v18.10.0/lib/node_modules/yarn/lib/cli.js:140890:22)
      at Request.emit (node:events:513:28)
      at Request.<anonymous> (/Users/mac/.nvm/versions/node/v18.10.0/lib/node_modules/yarn/lib/cli.js:141862:10)
      at Request.emit (node:events:513:28)
      at IncomingMessage.<anonymous> (/Users/mac/.nvm/versions/node/v18.10.0/lib/node_modules/yarn/lib/cli.js:141784:12)
      at Object.onceWrapper (node:events:627:28)
      at IncomingMessage.emit (node:events:525:35)
      at endReadableNT (node:internal/streams/readable:1359:12)
      at process.processTicksAndRejections (node:internal/process/task_queues:82:21)

npm manifest: 
  {
    "name": "hrm-app",
    "version": "1.0.0",
    "main": "node_modules/expo/AppEntry.js",
    "scripts": {
      "start": "expo start",
      "android": "expo start --android",
      "ios": "expo start --ios",
      "web": "expo start --web"
    },
    "dependencies": {
      "@react-native-async-storage/async-storage": "~1.17.3",
      "@react-navigation/native": "^6.1.1",
      "@react-navigation/native-stack": "^6.9.7",
      "axios": "^1.2.2",
      "expo": "~47.0.9",
      "expo-location": "~15.0.1",
      "expo-status-bar": "~1.4.2",
      "fontawesome5pro": "^5.14.0",
      "moment": "^2.29.4",
      "react": "18.1.0",
      "react-native": "0.70.5",
      "react-native-safe-area-context": "4.4.1",
      "react-native-screens": "~3.18.0",
      "react-native-vector-icons": "^9.2.0",
      "toastify-react-native": "^3.1.0"
    },
    "devDependencies": {
      "@babel/core": "^7.12.9"
    },
    "private": true
  }

yarn manifest: 
  No manifest

Lockfile: 
  No lockfile
